Determining if the pthread_create exist failed with the following output:
Change Dir: /home/rajshinde/4/Robot_Controller_Module/build/CMakeFiles/CMakeTmp

Run Build Command:"/usr/bin/make" "cmTC_bd03c/fast"
/usr/bin/make -f CMakeFiles/cmTC_bd03c.dir/build.make CMakeFiles/cmTC_bd03c.dir/build
make[1]: Entering directory '/home/rajshinde/4/Robot_Controller_Module/build/CMakeFiles/CMakeTmp'
Building C object CMakeFiles/cmTC_bd03c.dir/CheckSymbolExists.c.o
/usr/bin/cc     -o CMakeFiles/cmTC_bd03c.dir/CheckSymbolExists.c.o   -c /home/rajshinde/4/Robot_Controller_Module/build/CMakeFiles/CMakeTmp/CheckSymbolExists.c
Linking C executable cmTC_bd03c
/usr/bin/cmake -E cmake_link_script CMakeFiles/cmTC_bd03c.dir/link.txt --verbose=1
/usr/bin/cc       CMakeFiles/cmTC_bd03c.dir/CheckSymbolExists.c.o  -o cmTC_bd03c -rdynamic 
CMakeFiles/cmTC_bd03c.dir/CheckSymbolExists.c.o: In function `main':
CheckSymbolExists.c:(.text+0x16): undefined reference to `pthread_create'
collect2: error: ld returned 1 exit status
CMakeFiles/cmTC_bd03c.dir/build.make:97: recipe for target 'cmTC_bd03c' failed
make[1]: *** [cmTC_bd03c] Error 1
make[1]: Leaving directory '/home/rajshinde/4/Robot_Controller_Module/build/CMakeFiles/CMakeTmp'
Makefile:126: recipe for target 'cmTC_bd03c/fast' failed
make: *** [cmTC_bd03c/fast] Error 2

File /home/rajshinde/4/Robot_Controller_Module/build/CMakeFiles/CMakeTmp/CheckSymbolExists.c:
/* */
#include <pthread.h>

int main(int argc, char** argv)
{
  (void)argv;
#ifndef pthread_create
  return ((int*)(&pthread_create))[argc];
#else
  (void)argc;
  return 0;
#endif
}

Determining if the function pthread_create exists in the pthreads failed with the following output:
Change Dir: /home/rajshinde/4/Robot_Controller_Module/build/CMakeFiles/CMakeTmp

Run Build Command:"/usr/bin/make" "cmTC_5025a/fast"
/usr/bin/make -f CMakeFiles/cmTC_5025a.dir/build.make CMakeFiles/cmTC_5025a.dir/build
make[1]: Entering directory '/home/rajshinde/4/Robot_Controller_Module/build/CMakeFiles/CMakeTmp'
Building C object CMakeFiles/cmTC_5025a.dir/CheckFunctionExists.c.o
/usr/bin/cc    -DCHECK_FUNCTION_EXISTS=pthread_create   -o CMakeFiles/cmTC_5025a.dir/CheckFunctionExists.c.o   -c /usr/share/cmake-3.5/Modules/CheckFunctionExists.c
Linking C executable cmTC_5025a
/usr/bin/cmake -E cmake_link_script CMakeFiles/cmTC_5025a.dir/link.txt --verbose=1
/usr/bin/cc   -DCHECK_FUNCTION_EXISTS=pthread_create    CMakeFiles/cmTC_5025a.dir/CheckFunctionExists.c.o  -o cmTC_5025a -rdynamic -lpthreads 
/usr/bin/ld: cannot find -lpthreads
collect2: error: ld returned 1 exit status
CMakeFiles/cmTC_5025a.dir/build.make:97: recipe for target 'cmTC_5025a' failed
make[1]: *** [cmTC_5025a] Error 1
make[1]: Leaving directory '/home/rajshinde/4/Robot_Controller_Module/build/CMakeFiles/CMakeTmp'
Makefile:126: recipe for target 'cmTC_5025a/fast' failed
make: *** [cmTC_5025a/fast] Error 2


